<?xml version="1.0" encoding="UTF-8"?>
<!-- Generated by org.testng.reporters.JUnitXMLReporter -->
<testsuite hostname="Titan" ignored="0" name="Test" tests="6" failures="0" timestamp="2020-08-05T15:27:15 CDT" time="48.819" errors="0">
  <testcase name="searchvalidentry" time="11.57" classname="Academy.GiphySearch"/>
  <testcase name="searchinvalidentry" time="10.788" classname="Academy.GiphySearchInvalid"/>
  <testcase name="searchvalidentry" time="23.817" classname="Academy.GiphyUpload"/>
  <testcase name="API_Validate_GIFSearch" time="2.332" classname="Academy.API_SearchBroad"/>
  <testcase name="API_Validate_ID" time="0.129" classname="Academy.API_SearchByID"/>
  <testcase name="API_Validate_TrendCount" time="0.148" classname="Academy.API_SearchTrendNumbers"/>
</testsuite> <!-- Test -->
