<?xml version="1.0" encoding="UTF-8"?>
<testng-results skipped="0" failed="0" ignored="0" total="1" passed="1">
  <reporter-output>
  </reporter-output>
  <suite name="Suite" duration-ms="3366" started-at="2021-08-23T22:10:43 CDT" finished-at="2021-08-23T22:10:46 CDT">
    <groups>
    </groups>
    <test name="Test" duration-ms="3366" started-at="2021-08-23T22:10:43 CDT" finished-at="2021-08-23T22:10:46 CDT">
      <class name="Academy.GiphySearch">
        <test-method status="PASS" signature="searchvalidentry()[pri:0, instance:Academy.GiphySearch@8f2ef19]" name="searchvalidentry" duration-ms="3344" started-at="2021-08-23T22:10:43 CDT" finished-at="2021-08-23T22:10:46 CDT">
          <reporter-output>
          </reporter-output>
        </test-method> <!-- searchvalidentry -->
      </class> <!-- Academy.GiphySearch -->
    </test> <!-- Test -->
  </suite> <!-- Suite -->
</testng-results>
